<?xml version="1.0" encoding="UTF-8"?>
<!-- Generated by org.testng.reporters.JUnitXMLReporter -->
<testsuite ignored="0" hostname="DESKTOP-O13KM05" failures="0" tests="3" name="Test" time="160.942" errors="0" timestamp="2025-04-04T17:31:49 IST">
  <testcase classname="testngProgram.TestCase2" name="login_search_wishlist_cart_logout" time="47.358"/>
  <testcase classname="testngProgram.TestCase1" name="login_search_wishlist_cart_logout" time="40.478"/>
  <testcase classname="testngProgram.TestCase3" name="login_search_wishlist_cart_logout" time="37.762"/>
</testsuite> <!-- Test -->
