<?xml version="1.0" encoding="UTF-8"?>
<testsuite xmlns:xsi="http://www.w3.org/2001/XMLSchema-instance" xsi:noNamespaceSchemaLocation="https://maven.apache.org/surefire/maven-surefire-plugin/xsd/surefire-test-report.xsd" version="3.0.2" name="TestSuite" time="162.009" tests="3" errors="0" skipped="0" failures="0">
  <properties>
[...]
</properties>
  <testcase name="login_search_wishlist_cart_logout" classname="testngProgram.TestCase2" time="47.359">
    <system-out><![CDATA[[A4FE998067EA81E4F64BD4BB090C3414, C8521A6A0BD0A2432201B784929A53B9]
]]></system-out>
    <system-err><![CDATA[SLF4J: Failed to load class "org.slf4j.impl.StaticLoggerBinder".
SLF4J: Defaulting to no-operation (NOP) logger implementation
SLF4J: See http://www.slf4j.org/codes.html#StaticLoggerBinder for further details.
Apr 04, 2025 5:29:13 PM org.openqa.selenium.devtools.CdpVersionFinder findNearestMatch
WARNING: Unable to find an exact match for CDP version 134, returning the closest version; found: 132; Please update to a Selenium version that supports CDP version 134
]]></system-err>
  </testcase>
  <testcase name="login_search_wishlist_cart_logout" classname="testngProgram.TestCase1" time="40.479">
    <system-out><![CDATA[[FA7D359B3726B107B58A6104559511D2, E0FA2D10D7A0396F57744687C574BE74]
]]></system-out>
    <system-err><![CDATA[Apr 04, 2025 5:30:08 PM org.openqa.selenium.devtools.CdpVersionFinder findNearestMatch
WARNING: Unable to find an exact match for CDP version 134, returning the closest version; found: 132; Please update to a Selenium version that supports CDP version 134
]]></system-err>
  </testcase>
  <testcase name="login_search_wishlist_cart_logout" classname="testngProgram.TestCase3" time="37.762">
    <system-out><![CDATA[[70F2089733E9E8567C67AFF54B44ADAF, 6F3522F79659243608B0642331E50C67]
]]></system-out>
    <system-err><![CDATA[Apr 04, 2025 5:31:05 PM org.openqa.selenium.devtools.CdpVersionFinder findNearestMatch
WARNING: Unable to find an exact match for CDP version 134, returning the closest version; found: 132; Please update to a Selenium version that supports CDP version 134
]]></system-err>
  </testcase>
</testsuite>