<?xml version="1.0" encoding="UTF-8"?>
<testng-results ignored="0" total="3" passed="3" failed="0" skipped="0">
  <reporter-output>
  </reporter-output>
  <suite started-at="2025-04-04T17:29:08 IST" name="Suite" finished-at="2025-04-04T17:31:49 IST" duration-ms="160942">
    <groups>
    </groups>
    <test started-at="2025-04-04T17:29:08 IST" name="Test" finished-at="2025-04-04T17:31:49 IST" duration-ms="160942">
      <class name="testngProgram.TestCase2">
        <test-method is-config="true" signature="launch()[pri:0, instance:testngProgram.TestCase2@729d991e]" started-at="2025-04-04T17:29:08 IST" name="launch" finished-at="2025-04-04T17:29:14 IST" duration-ms="5160" status="PASS">
          <reporter-output>
          </reporter-output>
        </test-method> <!-- launch -->
        <test-method signature="login_search_wishlist_cart_logout()[pri:0, instance:testngProgram.TestCase2@729d991e]" started-at="2025-04-04T17:29:14 IST" name="login_search_wishlist_cart_logout" finished-at="2025-04-04T17:30:01 IST" duration-ms="47358" status="PASS">
          <reporter-output>
          </reporter-output>
        </test-method> <!-- login_search_wishlist_cart_logout -->
        <test-method is-config="true" signature="quit()[pri:0, instance:testngProgram.TestCase2@729d991e]" started-at="2025-04-04T17:30:01 IST" name="quit" finished-at="2025-04-04T17:30:03 IST" duration-ms="2013" status="PASS">
          <reporter-output>
          </reporter-output>
        </test-method> <!-- quit -->
      </class> <!-- testngProgram.TestCase2 -->
      <class name="testngProgram.TestCase1">
        <test-method is-config="true" signature="launch()[pri:0, instance:testngProgram.TestCase1@576d5deb]" started-at="2025-04-04T17:30:03 IST" name="launch" finished-at="2025-04-04T17:30:17 IST" duration-ms="14216" status="PASS">
          <reporter-output>
          </reporter-output>
        </test-method> <!-- launch -->
        <test-method signature="login_search_wishlist_cart_logout()[pri:0, instance:testngProgram.TestCase1@576d5deb]" started-at="2025-04-04T17:30:17 IST" name="login_search_wishlist_cart_logout" finished-at="2025-04-04T17:30:58 IST" duration-ms="40478" status="PASS">
          <reporter-output>
          </reporter-output>
        </test-method> <!-- login_search_wishlist_cart_logout -->
        <test-method is-config="true" signature="quit()[pri:0, instance:testngProgram.TestCase1@576d5deb]" started-at="2025-04-04T17:30:58 IST" name="quit" finished-at="2025-04-04T17:31:00 IST" duration-ms="2011" status="PASS">
          <reporter-output>
          </reporter-output>
        </test-method> <!-- quit -->
      </class> <!-- testngProgram.TestCase1 -->
      <class name="testngProgram.TestCase3">
        <test-method is-config="true" signature="launch()[pri:0, instance:testngProgram.TestCase3@5d534f5d]" started-at="2025-04-04T17:31:00 IST" name="launch" finished-at="2025-04-04T17:31:09 IST" duration-ms="9826" status="PASS">
          <reporter-output>
          </reporter-output>
        </test-method> <!-- launch -->
        <test-method signature="login_search_wishlist_cart_logout()[pri:0, instance:testngProgram.TestCase3@5d534f5d]" started-at="2025-04-04T17:31:09 IST" name="login_search_wishlist_cart_logout" finished-at="2025-04-04T17:31:47 IST" duration-ms="37762" status="PASS">
          <reporter-output>
          </reporter-output>
        </test-method> <!-- login_search_wishlist_cart_logout -->
        <test-method is-config="true" signature="quit()[pri:0, instance:testngProgram.TestCase3@5d534f5d]" started-at="2025-04-04T17:31:47 IST" name="quit" finished-at="2025-04-04T17:31:49 IST" duration-ms="2010" status="PASS">
          <reporter-output>
          </reporter-output>
        </test-method> <!-- quit -->
      </class> <!-- testngProgram.TestCase3 -->
    </test> <!-- Test -->
  </suite> <!-- Suite -->
</testng-results>
