<?xml version="1.0" encoding="UTF-8"?>
<testng-results ignored="0" total="1" passed="1" failed="0" skipped="0">
  <reporter-output>
  </reporter-output>
  <suite started-at="2025-04-01T19:34:12 IST" name="Default suite" finished-at="2025-04-01T19:34:56 IST" duration-ms="43587">
    <groups>
    </groups>
    <test started-at="2025-04-01T19:34:12 IST" name="Default test" finished-at="2025-04-01T19:34:56 IST" duration-ms="43587">
      <class name="testngProgram.TestCase3">
        <test-method is-config="true" signature="launch()[pri:0, instance:testngProgram.TestCase3@1c7696c6]" started-at="2025-04-01T19:34:12 IST" name="launch" finished-at="2025-04-01T19:34:19 IST" duration-ms="7121" status="PASS">
          <reporter-output>
          </reporter-output>
        </test-method> <!-- launch -->
        <test-method signature="login_search_wishlist_cart_logout()[pri:0, instance:testngProgram.TestCase3@1c7696c6]" started-at="2025-04-01T19:34:19 IST" name="login_search_wishlist_cart_logout" finished-at="2025-04-01T19:34:54 IST" duration-ms="34382" status="PASS">
          <reporter-output>
          </reporter-output>
        </test-method> <!-- login_search_wishlist_cart_logout -->
        <test-method is-config="true" signature="quit()[pri:0, instance:testngProgram.TestCase3@1c7696c6]" started-at="2025-04-01T19:34:54 IST" name="quit" finished-at="2025-04-01T19:34:56 IST" duration-ms="2007" status="PASS">
          <reporter-output>
          </reporter-output>
        </test-method> <!-- quit -->
      </class> <!-- testngProgram.TestCase3 -->
    </test> <!-- Default test -->
  </suite> <!-- Default suite -->
</testng-results>
